[doctest] doctest version is "1.1.1"
[doctest] run with "--help" for options
===============================================================================
test.cpp(6)
subcases
  2

test.cpp(11) FAILED! 
  CHECK( 0 )
with expansion:
  CHECK( 0 )

===============================================================================
test.cpp(47)
assertions

test.cpp(49) FAILED! 
  CHECK( 1 == 0 )
with expansion:
  CHECK( 1 == 0 )

test.cpp(50) FAILED! 
  CHECK_FALSE( 1 )
with expansion:
  CHECK_FALSE( 1 )

===============================================================================
[doctest] test cases:    5 |    3 passed |    2 failed |    2 skipped
[doctest] assertions:   11 |    8 passed |    3 failed |
