[doctest] doctest version is "1.0.0"
[doctest] run with "--help" for options
===============================================================================
test.cpp(47)
assertions

test.cpp(49) FAILED! 
  CHECK( 1 == 0 )
with expansion:
  CHECK( 1 == 0 )

test.cpp(50) FAILED! 
  CHECK_FALSE( 1 )
with expansion:
  CHECK_FALSE( 1 )

test.cpp(53) FAILED! 
  CHECK( a == b )
with expansion:
  CHECK( myType! == myType! )

test.cpp(54) FAILED! 
  CHECK( Approx(0.1) == 0.2 )
with expansion:
  CHECK( Approx( 0.1 ) == 0.2 )

test.cpp(57) FAILED!
  CHECK_THROWS( throws(false) )

test.cpp(59) FAILED!
  CHECK_NOTHROW( throws(true) )

test.cpp(61) FAILED! (didn't throw at all)
  REQUIRE_THROWS_AS( throws(false), bool )

===============================================================================
test.cpp(64)
assertions - all of them

test.cpp(127) FAILED! 
  FAST_REQUIRE_UNARY_FALSE( 1 )
with expansion:
  FAST_REQUIRE_UNARY_FALSE( 1 )

===============================================================================
test.cpp(130)
throws

TEST CASE FAILED! (threw exception)

===============================================================================
[doctest] test cases:    4 |    1 passed |    3 failed |    3 skipped
[doctest] assertions:   55 |   47 passed |    8 failed |
