[doctest] doctest version is "1.0.0"
[doctest] run with "--help" for options
===============================================================================
test.cpp(6)
subcases
  2

test.cpp(11) FAILED! 
  CHECK( 0 )
with expansion:
  CHECK( 0 )

===============================================================================
test.cpp(47)
assertions

test.cpp(49) FAILED! 
  CHECK( 1 == 0 )
with expansion:
  CHECK( 1 == 0 )

test.cpp(50) FAILED! 
  CHECK_FALSE( 1 )
with expansion:
  CHECK_FALSE( 1 )

test.cpp(53) FAILED! 
  CHECK( a == b )
with expansion:
  CHECK( myType! == myType! )

test.cpp(54) FAILED! 
  CHECK( Approx(0.1) == 0.2 )
with expansion:
  CHECK( Approx( 0.1 ) == 0.2 )

test.cpp(57) FAILED!
  CHECK_THROWS( throws(false) )

test.cpp(59) FAILED!
  CHECK_NOTHROW( throws(true) )

test.cpp(61) FAILED! (didn't throw at all)
  REQUIRE_THROWS_AS( throws(false), bool )

===============================================================================
[doctest] test cases:    7 |    5 passed |    2 failed |    0 skipped
[doctest] assertions:   19 |   11 passed |    8 failed |
